<?xml version="1.0" encoding="UTF-8"?>
<!-- Generated by org.testng.reporters.JUnitReportReporter -->
<testsuite skipped="0" hostname="MAVRLT1006" name="com.salesforce.SaleseForce" tests="1" failures="0" timestamp="19 Jul 2020 14:22:49 GMT" time="56.168" errors="0">
  <testcase name="saleseForce" time="56.168" classname="com.salesforce.SaleseForce"/>
</testsuite> <!-- com.salesforce.SaleseForce -->
